05-01 20:38:34 com_github_MitjaNemec_PlaceFootprints.action_place_footprints 405:Plugin executed on: 'win32'
05-01 20:38:34 com_github_MitjaNemec_PlaceFootprints.action_place_footprints 406:Plugin executed with python version: '3.9.16 (main, Apr  9 2023, 05:22:13) [MSC v.1934 64 bit (AMD64)]'
05-01 20:38:34 com_github_MitjaNemec_PlaceFootprints.action_place_footprints 407:KiCad build version: 7.0.2
05-01 20:38:34 com_github_MitjaNemec_PlaceFootprints.action_place_footprints 408:Plugin version: 2.0.3
05-01 20:38:34 com_github_MitjaNemec_PlaceFootprints.action_place_footprints 409:Frame repr: <wx._core.Frame object at 0x0000020AAB9CAEE0>
05-01 20:38:34 com_github_MitjaNemec_PlaceFootprints.place_footprints 121:getting a list of all footprints on board
05-01 20:38:34 com_github_MitjaNemec_PlaceFootprints.place_footprints 156:Footprint D16 on root level
05-01 20:38:34 com_github_MitjaNemec_PlaceFootprints.place_footprints 156:Footprint C16 on root level
05-01 20:38:34 com_github_MitjaNemec_PlaceFootprints.place_footprints 156:Footprint C15 on root level
05-01 20:38:34 com_github_MitjaNemec_PlaceFootprints.place_footprints 156:Footprint BT1 on root level
05-01 20:38:34 com_github_MitjaNemec_PlaceFootprints.place_footprints 156:Footprint C28 on root level
05-01 20:38:34 com_github_MitjaNemec_PlaceFootprints.place_footprints 156:Footprint C34 on root level
05-01 20:38:34 com_github_MitjaNemec_PlaceFootprints.place_footprints 156:Footprint C10 on root level
05-01 20:38:34 com_github_MitjaNemec_PlaceFootprints.place_footprints 156:Footprint C14 on root level
05-01 20:38:34 com_github_MitjaNemec_PlaceFootprints.place_footprints 156:Footprint C3 on root level
05-01 20:38:34 com_github_MitjaNemec_PlaceFootprints.place_footprints 156:Footprint C5 on root level
05-01 20:38:34 com_github_MitjaNemec_PlaceFootprints.place_footprints 156:Footprint C20 on root level
05-01 20:38:34 com_github_MitjaNemec_PlaceFootprints.place_footprints 156:Footprint C27 on root level
05-01 20:38:34 com_github_MitjaNemec_PlaceFootprints.place_footprints 156:Footprint C9 on root level
05-01 20:38:34 com_github_MitjaNemec_PlaceFootprints.place_footprints 156:Footprint C18 on root level
05-01 20:38:34 com_github_MitjaNemec_PlaceFootprints.place_footprints 156:Footprint C25 on root level
05-01 20:38:34 com_github_MitjaNemec_PlaceFootprints.place_footprints 156:Footprint C12 on root level
05-01 20:38:34 com_github_MitjaNemec_PlaceFootprints.place_footprints 156:Footprint C8 on root level
05-01 20:38:34 com_github_MitjaNemec_PlaceFootprints.place_footprints 156:Footprint C1 on root level
05-01 20:38:34 com_github_MitjaNemec_PlaceFootprints.place_footprints 156:Footprint C2 on root level
05-01 20:38:34 com_github_MitjaNemec_PlaceFootprints.place_footprints 156:Footprint D5 on root level
05-01 20:38:34 com_github_MitjaNemec_PlaceFootprints.place_footprints 156:Footprint D1 on root level
05-01 20:38:34 com_github_MitjaNemec_PlaceFootprints.place_footprints 156:Footprint D2 on root level
05-01 20:38:34 com_github_MitjaNemec_PlaceFootprints.place_footprints 156:Footprint D3 on root level
05-01 20:38:34 com_github_MitjaNemec_PlaceFootprints.place_footprints 156:Footprint D4 on root level
05-01 20:38:34 com_github_MitjaNemec_PlaceFootprints.place_footprints 156:Footprint D13 on root level
05-01 20:38:34 com_github_MitjaNemec_PlaceFootprints.place_footprints 156:Footprint D11 on root level
05-01 20:38:34 com_github_MitjaNemec_PlaceFootprints.place_footprints 156:Footprint D15 on root level
05-01 20:38:34 com_github_MitjaNemec_PlaceFootprints.place_footprints 156:Footprint D10 on root level
05-01 20:38:34 com_github_MitjaNemec_PlaceFootprints.place_footprints 156:Footprint D14 on root level
05-01 20:38:34 com_github_MitjaNemec_PlaceFootprints.place_footprints 156:Footprint IC1 on root level
05-01 20:38:34 com_github_MitjaNemec_PlaceFootprints.place_footprints 156:Footprint J3 on root level
05-01 20:38:34 com_github_MitjaNemec_PlaceFootprints.place_footprints 156:Footprint J9 on root level
05-01 20:38:34 com_github_MitjaNemec_PlaceFootprints.place_footprints 156:Footprint J10 on root level
05-01 20:38:34 com_github_MitjaNemec_PlaceFootprints.place_footprints 156:Footprint J11 on root level
05-01 20:38:34 com_github_MitjaNemec_PlaceFootprints.place_footprints 156:Footprint J15 on root level
05-01 20:38:34 com_github_MitjaNemec_PlaceFootprints.place_footprints 156:Footprint J16 on root level
05-01 20:38:34 com_github_MitjaNemec_PlaceFootprints.place_footprints 156:Footprint J4 on root level
05-01 20:38:34 com_github_MitjaNemec_PlaceFootprints.place_footprints 156:Footprint L3 on root level
05-01 20:38:34 com_github_MitjaNemec_PlaceFootprints.place_footprints 156:Footprint L2 on root level
05-01 20:38:34 com_github_MitjaNemec_PlaceFootprints.place_footprints 156:Footprint L1 on root level
05-01 20:38:34 com_github_MitjaNemec_PlaceFootprints.place_footprints 156:Footprint Q3 on root level
05-01 20:38:34 com_github_MitjaNemec_PlaceFootprints.place_footprints 156:Footprint Q4 on root level
05-01 20:38:34 com_github_MitjaNemec_PlaceFootprints.place_footprints 156:Footprint Q5 on root level
05-01 20:38:34 com_github_MitjaNemec_PlaceFootprints.place_footprints 156:Footprint Q6 on root level
05-01 20:38:34 com_github_MitjaNemec_PlaceFootprints.place_footprints 156:Footprint Q1 on root level
05-01 20:38:34 com_github_MitjaNemec_PlaceFootprints.place_footprints 156:Footprint Q2 on root level
05-01 20:38:34 com_github_MitjaNemec_PlaceFootprints.place_footprints 156:Footprint Q7 on root level
05-01 20:38:34 com_github_MitjaNemec_PlaceFootprints.place_footprints 156:Footprint Q8 on root level
05-01 20:38:34 com_github_MitjaNemec_PlaceFootprints.place_footprints 156:Footprint R9 on root level
05-01 20:38:34 com_github_MitjaNemec_PlaceFootprints.place_footprints 156:Footprint R37 on root level
05-01 20:38:34 com_github_MitjaNemec_PlaceFootprints.place_footprints 156:Footprint R25 on root level
05-01 20:38:34 com_github_MitjaNemec_PlaceFootprints.place_footprints 156:Footprint R15 on root level
05-01 20:38:34 com_github_MitjaNemec_PlaceFootprints.place_footprints 156:Footprint R19 on root level
05-01 20:38:34 com_github_MitjaNemec_PlaceFootprints.place_footprints 156:Footprint R20 on root level
05-01 20:38:34 com_github_MitjaNemec_PlaceFootprints.place_footprints 156:Footprint R21 on root level
05-01 20:38:34 com_github_MitjaNemec_PlaceFootprints.place_footprints 156:Footprint R30 on root level
05-01 20:38:34 com_github_MitjaNemec_PlaceFootprints.place_footprints 156:Footprint R31 on root level
05-01 20:38:34 com_github_MitjaNemec_PlaceFootprints.place_footprints 156:Footprint R32 on root level
05-01 20:38:34 com_github_MitjaNemec_PlaceFootprints.place_footprints 156:Footprint R4 on root level
05-01 20:38:34 com_github_MitjaNemec_PlaceFootprints.place_footprints 156:Footprint R24 on root level
05-01 20:38:34 com_github_MitjaNemec_PlaceFootprints.place_footprints 156:Footprint R27 on root level
05-01 20:38:34 com_github_MitjaNemec_PlaceFootprints.place_footprints 156:Footprint R5 on root level
05-01 20:38:34 com_github_MitjaNemec_PlaceFootprints.place_footprints 156:Footprint R16 on root level
05-01 20:38:34 com_github_MitjaNemec_PlaceFootprints.place_footprints 156:Footprint R2 on root level
05-01 20:38:34 com_github_MitjaNemec_PlaceFootprints.place_footprints 156:Footprint R1 on root level
05-01 20:38:34 com_github_MitjaNemec_PlaceFootprints.place_footprints 156:Footprint R18 on root level
05-01 20:38:34 com_github_MitjaNemec_PlaceFootprints.place_footprints 156:Footprint R13 on root level
05-01 20:38:34 com_github_MitjaNemec_PlaceFootprints.place_footprints 156:Footprint R14 on root level
05-01 20:38:34 com_github_MitjaNemec_PlaceFootprints.place_footprints 156:Footprint R17 on root level
05-01 20:38:34 com_github_MitjaNemec_PlaceFootprints.place_footprints 156:Footprint R11 on root level
05-01 20:38:34 com_github_MitjaNemec_PlaceFootprints.place_footprints 156:Footprint R12 on root level
05-01 20:38:34 com_github_MitjaNemec_PlaceFootprints.place_footprints 156:Footprint U11 on root level
05-01 20:38:34 com_github_MitjaNemec_PlaceFootprints.place_footprints 156:Footprint U1 on root level
05-01 20:38:34 com_github_MitjaNemec_PlaceFootprints.place_footprints 156:Footprint U4 on root level
05-01 20:38:34 com_github_MitjaNemec_PlaceFootprints.place_footprints 156:Footprint J8 on root level
05-01 20:38:34 com_github_MitjaNemec_PlaceFootprints.place_footprints 156:Footprint J6 on root level
05-01 20:38:34 com_github_MitjaNemec_PlaceFootprints.place_footprints 156:Footprint J2 on root level
05-01 20:38:34 com_github_MitjaNemec_PlaceFootprints.place_footprints 156:Footprint U5 on root level
05-01 20:38:34 com_github_MitjaNemec_PlaceFootprints.place_footprints 156:Footprint D12 on root level
05-01 20:38:34 com_github_MitjaNemec_PlaceFootprints.place_footprints 156:Footprint D9 on root level
05-01 20:38:34 com_github_MitjaNemec_PlaceFootprints.place_footprints 156:Footprint R3 on root level
05-01 20:38:34 com_github_MitjaNemec_PlaceFootprints.place_footprints 156:Footprint C13 on root level
05-01 20:38:34 com_github_MitjaNemec_PlaceFootprints.place_footprints 156:Footprint U3 on root level
05-01 20:38:34 com_github_MitjaNemec_PlaceFootprints.place_footprints 156:Footprint J5 on root level
05-01 20:38:34 com_github_MitjaNemec_PlaceFootprints.place_footprints 156:Footprint R33 on root level
05-01 20:38:34 com_github_MitjaNemec_PlaceFootprints.place_footprints 156:Footprint Y1 on root level
05-01 20:38:34 com_github_MitjaNemec_PlaceFootprints.place_footprints 156:Footprint D6 on root level
05-01 20:38:34 com_github_MitjaNemec_PlaceFootprints.place_footprints 156:Footprint R26 on root level
05-01 20:38:34 com_github_MitjaNemec_PlaceFootprints.place_footprints 156:Footprint C4 on root level
05-01 20:38:34 com_github_MitjaNemec_PlaceFootprints.place_footprints 156:Footprint U7 on root level
05-01 20:38:34 com_github_MitjaNemec_PlaceFootprints.place_footprints 156:Footprint U9 on root level
05-01 20:38:34 com_github_MitjaNemec_PlaceFootprints.place_footprints 156:Footprint J12 on root level
05-01 20:38:34 com_github_MitjaNemec_PlaceFootprints.place_footprints 156:Footprint IC4 on root level
05-01 20:38:34 com_github_MitjaNemec_PlaceFootprints.place_footprints 156:Footprint C7 on root level
05-01 20:38:34 com_github_MitjaNemec_PlaceFootprints.place_footprints 156:Footprint IC3 on root level
05-01 20:38:34 com_github_MitjaNemec_PlaceFootprints.place_footprints 156:Footprint C6 on root level
05-01 20:38:34 com_github_MitjaNemec_PlaceFootprints.place_footprints 156:Footprint U8 on root level
05-01 20:38:34 com_github_MitjaNemec_PlaceFootprints.place_footprints 156:Footprint D8 on root level
05-01 20:38:34 com_github_MitjaNemec_PlaceFootprints.place_footprints 156:Footprint J7 on root level
05-01 20:38:34 com_github_MitjaNemec_PlaceFootprints.place_footprints 156:Footprint C22 on root level
05-01 20:38:34 com_github_MitjaNemec_PlaceFootprints.place_footprints 156:Footprint U10 on root level
05-01 20:38:34 com_github_MitjaNemec_PlaceFootprints.place_footprints 156:Footprint H2 on root level
05-01 20:38:34 com_github_MitjaNemec_PlaceFootprints.place_footprints 156:Footprint R35 on root level
05-01 20:38:34 com_github_MitjaNemec_PlaceFootprints.place_footprints 156:Footprint C29 on root level
05-01 20:38:34 com_github_MitjaNemec_PlaceFootprints.place_footprints 156:Footprint J13 on root level
05-01 20:38:34 com_github_MitjaNemec_PlaceFootprints.place_footprints 156:Footprint R8 on root level
05-01 20:38:34 com_github_MitjaNemec_PlaceFootprints.place_footprints 156:Footprint C21 on root level
05-01 20:38:34 com_github_MitjaNemec_PlaceFootprints.place_footprints 156:Footprint U2 on root level
05-01 20:38:34 com_github_MitjaNemec_PlaceFootprints.place_footprints 156:Footprint IC6 on root level
05-01 20:38:34 com_github_MitjaNemec_PlaceFootprints.place_footprints 156:Footprint C24 on root level
05-01 20:38:34 com_github_MitjaNemec_PlaceFootprints.place_footprints 156:Footprint J14 on root level
05-01 20:38:34 com_github_MitjaNemec_PlaceFootprints.place_footprints 156:Footprint R34 on root level
05-01 20:38:34 com_github_MitjaNemec_PlaceFootprints.place_footprints 156:Footprint U6 on root level
05-01 20:38:34 com_github_MitjaNemec_PlaceFootprints.place_footprints 156:Footprint R36 on root level
05-01 20:38:34 com_github_MitjaNemec_PlaceFootprints.place_footprints 156:Footprint R29 on root level
05-01 20:38:34 com_github_MitjaNemec_PlaceFootprints.place_footprints 156:Footprint H1 on root level
05-01 20:38:34 com_github_MitjaNemec_PlaceFootprints.place_footprints 156:Footprint C19 on root level
05-01 20:38:34 com_github_MitjaNemec_PlaceFootprints.place_footprints 156:Footprint C30 on root level
05-01 20:38:34 com_github_MitjaNemec_PlaceFootprints.place_footprints 156:Footprint AE1 on root level
05-01 20:38:34 com_github_MitjaNemec_PlaceFootprints.place_footprints 156:Footprint D7 on root level
05-01 20:38:34 com_github_MitjaNemec_PlaceFootprints.place_footprints 156:Footprint C32 on root level
05-01 20:38:34 com_github_MitjaNemec_PlaceFootprints.place_footprints 156:Footprint SW1 on root level
05-01 20:38:34 com_github_MitjaNemec_PlaceFootprints.place_footprints 156:Footprint SW2 on root level
05-01 20:38:34 com_github_MitjaNemec_PlaceFootprints.place_footprints 156:Footprint C33 on root level
05-01 20:38:34 com_github_MitjaNemec_PlaceFootprints.place_footprints 156:Footprint C17 on root level
05-01 20:38:34 com_github_MitjaNemec_PlaceFootprints.place_footprints 156:Footprint C11 on root level
05-01 20:38:34 com_github_MitjaNemec_PlaceFootprints.place_footprints 156:Footprint R22 on root level
05-01 20:38:34 com_github_MitjaNemec_PlaceFootprints.place_footprints 156:Footprint H4 on root level
05-01 20:38:34 com_github_MitjaNemec_PlaceFootprints.place_footprints 156:Footprint J1 on root level
05-01 20:38:34 com_github_MitjaNemec_PlaceFootprints.place_footprints 156:Footprint C26 on root level
05-01 20:38:34 com_github_MitjaNemec_PlaceFootprints.place_footprints 156:Footprint R28 on root level
05-01 20:38:34 com_github_MitjaNemec_PlaceFootprints.place_footprints 156:Footprint R10 on root level
05-01 20:38:34 com_github_MitjaNemec_PlaceFootprints.place_footprints 156:Footprint H3 on root level
05-01 20:38:34 com_github_MitjaNemec_PlaceFootprints.place_footprints 156:Footprint C23 on root level
05-01 20:38:34 com_github_MitjaNemec_PlaceFootprints.place_footprints 156:Footprint IC2 on root level
05-01 20:38:34 com_github_MitjaNemec_PlaceFootprints.place_footprints 156:Footprint R23 on root level
05-01 20:38:34 com_github_MitjaNemec_PlaceFootprints.place_footprints 156:Footprint R7 on root level
05-01 20:38:34 com_github_MitjaNemec_PlaceFootprints.place_footprints 156:Footprint C31 on root level
05-01 20:38:34 com_github_MitjaNemec_PlaceFootprints.place_footprints 156:Footprint R6 on root level
