FILE_TYPE=LIBRARY_PARTS;
PRIMITIVE 'PESD24VS1UL_QZ','PESD24VS1UL_QZ_Other';
  PIN
    'K':
      PIN_NUMBER='(1)';
      NO_LOAD_CHECK=BOTH;
      NO_IO_CHECK=BOTH;
      ALLOW_CONNECT=TRUE;
      PINUSE='UNSPEC';
    'A':
      PIN_NUMBER='(2)';
      NO_LOAD_CHECK=BOTH;
      NO_IO_CHECK=BOTH;
      ALLOW_CONNECT=TRUE;
      PINUSE='UNSPEC';
  END_PIN;
  BODY
    PART_NAME='PESD24VS1UL_QZ';
    PHYS_DES_PREFIX='D';
    NO_LOAD_CHECK='TRUE';
    PIN_COUNT='2';
    BODY_NAME='PESD24VS1UL_QZ';
    JEDEC_TYPE='PESD24VS1ULQZ';
  END_BODY;
END_PRIMITIVE;
END.
